TN:
SF:src/data/implementations/index.ts
FNF:0
FNH:0
DA:1,1
LF:1
LH:1
BRF:0
BRH:0
end_of_record
TN:
SF:src/data/implementations/occurrence/DBAddOccurrence.ts
FN:8,DBAddOccurrence
FN:13,add
FNF:2
FNH:2
FNDA:4,DBAddOccurrence
FNDA:4,add
DA:1,1
DA:2,1
DA:3,1
DA:4,1
DA:5,1
DA:6,1
DA:7,1
DA:8,1
DA:9,4
DA:10,4
DA:11,4
DA:12,1
DA:13,1
DA:14,4
DA:15,4
DA:16,4
DA:17,4
DA:18,4
DA:19,4
DA:20,4
DA:21,4
DA:22,4
DA:23,4
DA:24,4
DA:25,4
DA:26,1
DA:27,1
DA:28,3
DA:29,3
DA:30,3
DA:31,3
DA:32,3
DA:33,3
DA:34,3
DA:35,3
DA:36,3
DA:37,3
DA:38,3
DA:39,3
DA:40,3
DA:41,3
DA:42,3
DA:43,1
DA:44,1
LF:44
LH:44
BRDA:8,0,0,4
BRDA:13,1,0,4
BRDA:25,2,0,1
BRDA:28,3,0,3
BRF:4
BRH:4
end_of_record
TN:
SF:src/data/implementations/occurrence/index.ts
FNF:0
FNH:0
DA:1,1
LF:1
LH:1
BRF:0
BRH:0
end_of_record
TN:
SF:src/infra/db/mongodb/OccurrenceRepositoryMongoDB.ts
FN:6,add
FNF:1
FNH:1
FNDA:1,add
DA:1,1
DA:2,1
DA:3,1
DA:4,1
DA:5,1
DA:6,1
DA:7,1
DA:8,1
DA:9,1
DA:10,1
DA:11,1
DA:12,1
DA:13,1
LF:13
LH:13
BRDA:6,0,0,1
BRF:1
BRH:1
end_of_record
TN:
SF:src/infra/db/mongodb/index.ts
FNF:0
FNH:0
DA:1,1
DA:2,1
LF:2
LH:2
BRF:0
BRH:0
end_of_record
TN:
SF:src/infra/db/mongodb/helpers/MongoDBHelper.ts
FN:7,connect
FN:15,disconnect
FN:20,getCollection
FNF:3
FNH:3
FNDA:1,connect
FNDA:1,disconnect
FNDA:1,getCollection
DA:1,1
DA:2,1
DA:3,1
DA:4,1
DA:5,1
DA:6,1
DA:7,1
DA:8,1
DA:9,1
DA:10,1
DA:11,1
DA:12,1
DA:13,1
DA:14,1
DA:15,1
DA:16,1
DA:17,1
DA:18,1
DA:19,1
DA:20,1
DA:21,1
DA:22,0
DA:23,0
DA:24,1
DA:25,1
DA:26,1
DA:27,1
LF:27
LH:25
BRDA:7,0,0,1
BRDA:15,1,0,1
BRDA:20,2,0,1
BRDA:21,3,0,0
BRDA:21,4,0,0
BRF:5
BRH:3
end_of_record
TN:
SF:src/infra/geolocation/MapQuestService.ts
FN:27,getLocation
FNF:1
FNH:1
FNDA:2,getLocation
DA:1,1
DA:2,1
DA:3,1
DA:4,1
DA:5,1
DA:6,1
DA:7,1
DA:8,1
DA:9,1
DA:10,1
DA:11,1
DA:12,1
DA:13,1
DA:14,1
DA:15,1
DA:16,1
DA:17,1
DA:18,1
DA:19,1
DA:20,1
DA:21,1
DA:22,1
DA:23,1
DA:24,1
DA:25,1
DA:26,1
DA:27,1
DA:28,2
DA:29,2
DA:30,2
DA:31,2
DA:32,2
DA:33,2
DA:34,2
DA:35,1
DA:36,1
DA:37,1
DA:38,1
DA:39,1
DA:40,1
DA:41,1
DA:42,1
DA:43,1
DA:44,1
DA:45,1
DA:46,1
DA:47,1
DA:48,1
DA:49,1
DA:50,1
DA:51,1
DA:52,1
DA:53,1
DA:54,1
DA:55,1
DA:56,1
LF:56
LH:56
BRDA:27,0,0,2
BRDA:34,1,0,1
BRF:2
BRH:2
end_of_record
TN:
SF:src/infra/geolocation/index.ts
FNF:0
FNH:0
DA:1,1
LF:1
LH:1
BRF:0
BRH:0
end_of_record
TN:
SF:src/main/config/env.ts
FNF:0
FNH:0
DA:1,1
DA:2,1
DA:3,1
DA:4,1
DA:5,1
DA:6,1
DA:7,1
DA:8,1
DA:9,1
DA:10,1
DA:11,1
DA:12,1
LF:12
LH:12
BRF:0
BRH:0
end_of_record
TN:
SF:src/presentation/controllers/occurrence/AddOccurrenceController.ts
FN:10,AddOccurrenceController
FN:12,handle
FNF:2
FNH:2
FNDA:12,AddOccurrenceController
FNDA:12,handle
DA:1,1
DA:2,1
DA:3,1
DA:4,1
DA:5,1
DA:6,1
DA:7,1
DA:8,1
DA:9,1
DA:10,1
DA:11,1
DA:12,1
DA:13,12
DA:14,12
DA:15,12
DA:16,12
DA:17,12
DA:18,12
DA:19,12
DA:20,12
DA:21,12
DA:22,12
DA:23,42
DA:24,4
DA:25,4
DA:26,4
DA:27,4
DA:28,4
DA:29,42
DA:30,8
DA:31,8
DA:32,12
DA:33,2
DA:34,2
DA:35,2
DA:36,2
DA:37,2
DA:38,6
DA:39,6
DA:40,12
DA:41,2
DA:42,2
DA:43,2
DA:44,2
DA:45,2
DA:46,4
DA:47,4
DA:48,4
DA:49,12
DA:50,1
DA:51,1
DA:52,1
DA:53,1
DA:54,1
DA:55,2
DA:56,12
DA:57,1
DA:58,1
DA:59,1
DA:60,1
DA:61,1
LF:61
LH:61
BRDA:10,0,0,12
BRDA:12,1,0,12
BRDA:22,2,0,42
BRDA:23,3,0,4
BRDA:30,4,0,8
BRDA:32,5,0,7
BRDA:32,6,0,2
BRDA:38,7,0,6
BRDA:40,8,0,5
BRDA:40,9,0,2
BRDA:46,10,0,4
BRDA:49,11,0,3
BRDA:49,12,0,1
BRDA:55,13,0,2
BRDA:56,14,0,1
BRF:15
BRH:15
end_of_record
TN:
SF:src/presentation/controllers/occurrence/index.ts
FNF:0
FNH:0
DA:1,1
LF:1
LH:1
BRF:0
BRH:0
end_of_record
TN:
SF:src/presentation/errors/AddressNotFundError.ts
FN:4,AddressNotFundError
FNF:1
FNH:1
FNDA:1,AddressNotFundError
DA:1,1
DA:2,1
DA:3,1
DA:4,1
DA:5,1
DA:6,1
DA:7,1
DA:8,1
DA:9,1
LF:9
LH:9
BRDA:4,0,0,1
BRF:1
BRH:1
end_of_record
TN:
SF:src/presentation/errors/InternalServerError.ts
FN:2,InternalServerError
FNF:1
FNH:0
FNDA:0,InternalServerError
DA:1,1
DA:2,1
DA:3,0
DA:4,0
DA:5,0
DA:6,1
LF:6
LH:3
BRF:0
BRH:0
end_of_record
TN:
SF:src/presentation/errors/index.ts
FNF:0
FNH:0
DA:1,1
DA:2,1
LF:2
LH:2
BRF:0
BRH:0
end_of_record
TN:
SF:src/shared/index.ts
FNF:0
FNH:0
DA:1,1
LF:1
LH:1
BRF:0
BRH:0
end_of_record
TN:
SF:src/shared/Either/index.ts
FN:6,Left
FN:10,isLeft
FN:14,isRight
FN:22,Right
FN:26,isLeft
FN:30,isRight
FN:35,left
FN:38,right
FNF:8
FNH:7
FNDA:1,Left
FNDA:1,isLeft
FNDA:0,isRight
FNDA:2,Right
FNDA:2,isLeft
FNDA:1,isRight
FNDA:1,left
FNDA:2,right
DA:1,1
DA:2,1
DA:3,1
DA:4,1
DA:5,1
DA:6,1
DA:7,1
DA:8,1
DA:9,1
DA:10,1
DA:11,1
DA:12,1
DA:13,1
DA:14,1
DA:15,0
DA:16,0
DA:17,1
DA:18,1
DA:19,1
DA:20,1
DA:21,1
DA:22,1
DA:23,2
DA:24,2
DA:25,1
DA:26,1
DA:27,2
DA:28,2
DA:29,1
DA:30,1
DA:31,1
DA:32,1
DA:33,1
DA:34,1
DA:35,1
DA:36,1
DA:37,1
DA:38,1
DA:39,1
LF:39
LH:37
BRDA:6,0,0,1
BRDA:10,1,0,1
BRDA:22,2,0,2
BRDA:26,3,0,2
BRDA:30,4,0,1
BRDA:35,5,0,1
BRDA:38,6,0,2
BRF:7
BRH:7
end_of_record
TN:
SF:src/utils/http/HttpResponseBuilder.ts
FN:8,badRequest
FN:13,serverError
FN:23,ok
FNF:3
FNH:3
FNDA:18,badRequest
FNDA:2,serverError
FNDA:3,ok
DA:1,1
DA:2,1
DA:3,1
DA:4,1
DA:5,1
DA:6,1
DA:7,1
DA:8,1
DA:9,18
DA:10,18
DA:11,1
DA:12,1
DA:13,1
DA:14,2
DA:15,2
DA:16,2
DA:17,2
DA:18,2
DA:19,2
DA:20,2
DA:21,1
DA:22,1
DA:23,1
DA:24,3
DA:25,3
DA:26,1
LF:26
LH:26
BRDA:8,0,0,18
BRDA:13,1,0,2
BRDA:23,2,0,3
BRF:3
BRH:3
end_of_record
TN:
SF:src/utils/http/index.ts
FNF:0
FNH:0
DA:1,1
LF:1
LH:1
BRF:0
BRH:0
end_of_record
